<?xml version="1.0" encoding="UTF-8"?>
<!-- Generated by org.testng.reporters.JUnitReportReporter -->
<testsuite skipped="0" hostname="barshamahesh" name="testCases.TC001_Validation" tests="6" failures="0" timestamp="2023-01-03T11:28:21 GST" time="22.170" errors="0">
  <testcase name="TC006_PremiumcValidation" time="0.157" classname="testCases.TC001_Validation"/>
  <system-out/>
  <testcase name="TC004_LiteValidation" time="0.068" classname="testCases.TC001_Validation"/>
  <system-out/>
  <testcase name="TC002_LanguageSelection" time="6.919" classname="testCases.TC001_Validation"/>
  <system-out/>
  <testcase name="TC005_ClassicValidation" time="0.058" classname="testCases.TC001_Validation"/>
  <system-out/>
  <testcase name="TC001_ClickURL" time="12.960" classname="testCases.TC001_Validation"/>
  <system-out/>
  <testcase name="TC003_CountrySelection" time="2.008" classname="testCases.TC001_Validation"/>
  <system-out/>
</testsuite> <!-- testCases.TC001_Validation -->
